Building sites … 
                   | ZH-CN  
+------------------+-------+
  Pages            |    10  
  Paginator pages  |     0  
  Non-page files   |     0  
  Static files     |    11  
  Processed images |     0  
  Aliases          |     0  
  Sitemaps         |     1  
  Cleaned          |     0  

Built in 66 ms
Watching for changes in /Users/twodogegg/Blog/{archetypes,content,static,themes}
Watching for config changes in /Users/twodogegg/Blog/config.toml
Environment: "development"
Serving pages from memory
Running in Fast Render Mode. For full rebuilds on change: hugo server --disableFastRender
Web Server is available at http://localhost:1313/ (bind address 127.0.0.1)
Press Ctrl+C to stop

Change detected, rebuilding site.
2020-02-10 20:44:10.697 +0800
Source changed "/Users/twodogegg/Blog/content/tech/Hugo 新博客的搭建记录.md": WRITE
Total in 45 ms

Change detected, rebuilding site.
2020-02-10 20:44:43.699 +0800
Source changed "/Users/twodogegg/Blog/content/tech/Hugo 新博客的搭建记录.md": WRITE
Total in 42 ms

Change detected, rebuilding site.
2020-02-10 20:44:46.695 +0800
Source changed "/Users/twodogegg/Blog/content/tech/Hugo 新博客的搭建记录.md": WRITE
Total in 46 ms

Change detected, rebuilding site.
2020-02-10 20:44:47.695 +0800
Source changed "/Users/twodogegg/Blog/content/tech/Hugo 新博客的搭建记录.md": WRITE
Total in 92 ms

Change detected, rebuilding site.
2020-02-10 20:44:48.698 +0800
Source changed "/Users/twodogegg/Blog/content/tech/Hugo 新博客的搭建记录.md": WRITE
Total in 46 ms

Change detected, rebuilding site.
2020-02-10 20:44:59.699 +0800
Source changed "/Users/twodogegg/Blog/content/tech/Hugo 新博客的搭建记录.md": WRITE
Total in 41 ms

Change detected, rebuilding site.
2020-02-10 20:45:35.695 +0800
Source changed "/Users/twodogegg/Blog/content/tech/Hugo 新博客的搭建记录.md": WRITE
Total in 39 ms

Change detected, rebuilding site.
2020-02-10 20:46:09.699 +0800
Source changed "/Users/twodogegg/Blog/content/tech/Hugo 新博客的搭建记录.md": WRITE
Total in 52 ms

Change detected, rebuilding site.
2020-02-10 20:46:42.694 +0800
Source changed "/Users/twodogegg/Blog/content/tech/Hugo 新博客的搭建记录.md": WRITE
Total in 41 ms

Change detected, rebuilding site.
2020-02-10 20:47:19.699 +0800
Source changed "/Users/twodogegg/Blog/content/tech/Hugo 新博客的搭建记录.md": WRITE
Total in 44 ms

Change detected, rebuilding site.
2020-02-10 20:48:21.696 +0800
Source changed "/Users/twodogegg/Blog/content/tech/Hugo 新博客的搭建记录.md": WRITE
Total in 41 ms

Change detected, rebuilding site.
2020-02-10 20:48:36.696 +0800
Source changed "/Users/twodogegg/Blog/content/tech/Hugo 新博客的搭建记录.md": WRITE
Total in 44 ms

Change detected, rebuilding site.
2020-02-10 20:48:44.697 +0800
Source changed "/Users/twodogegg/Blog/content/tech/Hugo 新博客的搭建记录.md": WRITE
Total in 41 ms

Change detected, rebuilding site.
2020-02-10 20:49:27.699 +0800
Source changed "/Users/twodogegg/Blog/content/tech/Hugo 新博客的搭建记录.md": WRITE
Total in 43 ms

Change detected, rebuilding site.
2020-02-10 20:49:43.699 +0800
Source changed "/Users/twodogegg/Blog/content/tech/Hugo 新博客的搭建记录.md": WRITE
Total in 41 ms

Change detected, rebuilding site.
2020-02-10 20:49:55.698 +0800
Source changed "/Users/twodogegg/Blog/content/tech/Hugo 新博客的搭建记录.md": WRITE
Total in 43 ms

Change detected, rebuilding site.
2020-02-10 20:50:17.696 +0800
Source changed "/Users/twodogegg/Blog/content/tech/Hugo 新博客的搭建记录.md": WRITE
Total in 46 ms

Change detected, rebuilding site.
2020-02-10 20:50:44.694 +0800
Source changed "/Users/twodogegg/Blog/content/tech/Hugo 新博客的搭建记录.md": WRITE
Total in 42 ms

Change detected, rebuilding site.
2020-02-10 20:50:51.694 +0800
Source changed "/Users/twodogegg/Blog/content/tech/Hugo 新博客的搭建记录.md": WRITE
Total in 21 ms
ERROR 2020/02/10 20:50:51 Rebuild failed:

ERROR 2020/02/10 20:50:51 "/Users/twodogegg/Blog/content/tech/Hugo 新博客的搭建记录.md:2:1": unmarshal failed: Near line 1 (last key parsed ''): bare keys cannot contain '\n'

Change detected, rebuilding site.
2020-02-10 20:51:07.697 +0800
Source changed "/Users/twodogegg/Blog/content/tech/Hugo 新博客的搭建记录.md": WRITE
Total in 22 ms
ERROR 2020/02/10 20:51:07 Rebuild failed:

ERROR 2020/02/10 20:51:07 "/Users/twodogegg/Blog/content/tech/Hugo 新博客的搭建记录.md:2:1": unmarshal failed: Near line 1 (last key parsed ''): bare keys cannot contain '\n'

Change detected, rebuilding site.
2020-02-10 20:51:25.698 +0800
Source changed "/Users/twodogegg/Blog/content/tech/Hugo 新博客的搭建记录.md": WRITE
Total in 25 ms
ERROR 2020/02/10 20:51:25 Rebuild failed:

ERROR 2020/02/10 20:51:25 "/Users/twodogegg/Blog/content/tech/Hugo 新博客的搭建记录.md:2:1": unmarshal failed: Near line 1 (last key parsed ''): bare keys cannot contain '\n'

Change detected, rebuilding site.
2020-02-10 20:51:44.708 +0800
Source changed "/Users/twodogegg/Blog/content/tech/Hugo 新博客的搭建记录.md": WRITE
Total in 24 ms
ERROR 2020/02/10 20:51:44 Rebuild failed:

ERROR 2020/02/10 20:51:44 "/Users/twodogegg/Blog/content/tech/Hugo 新博客的搭建记录.md:2:1": unmarshal failed: Near line 1 (last key parsed ''): bare keys cannot contain '\n'

Change detected, rebuilding site.
2020-02-10 20:51:50.709 +0800
Source changed "/Users/twodogegg/Blog/content/tech/Hugo 新博客的搭建记录.md": WRITE
Total in 24 ms
ERROR 2020/02/10 20:51:50 Rebuild failed:

ERROR 2020/02/10 20:51:50 "/Users/twodogegg/Blog/content/tech/Hugo 新博客的搭建记录.md:2:1": unmarshal failed: Near line 1 (last key parsed ''): bare keys cannot contain '\n'

Change detected, rebuilding site.
2020-02-10 20:51:56.716 +0800
Source changed "/Users/twodogegg/Blog/content/tech/Hugo 新博客的搭建记录.md": WRITE
Total in 26 ms
ERROR 2020/02/10 20:51:56 Rebuild failed:

ERROR 2020/02/10 20:51:56 "/Users/twodogegg/Blog/content/tech/Hugo 新博客的搭建记录.md:2:1": unmarshal failed: Near line 1 (last key parsed ''): bare keys cannot contain '\n'

Change detected, rebuilding site.
2020-02-10 20:52:01.716 +0800
Source changed "/Users/twodogegg/Blog/content/tech/Hugo 新博客的搭建记录.md": WRITE
Total in 26 ms
ERROR 2020/02/10 20:52:01 Rebuild failed:

ERROR 2020/02/10 20:52:01 "/Users/twodogegg/Blog/content/tech/Hugo 新博客的搭建记录.md:2:1": unmarshal failed: Near line 1 (last key parsed ''): bare keys cannot contain '\n'

Change detected, rebuilding site.
2020-02-10 20:52:37.719 +0800
Source changed "/Users/twodogegg/Blog/content/tech/Hugo 新博客的搭建记录.md": WRITE
Total in 23 ms
ERROR 2020/02/10 20:52:37 Rebuild failed:

ERROR 2020/02/10 20:52:37 "/Users/twodogegg/Blog/content/tech/Hugo 新博客的搭建记录.md:2:1": unmarshal failed: Near line 1 (last key parsed ''): bare keys cannot contain '\n'

Change detected, rebuilding site.
2020-02-10 20:52:46.719 +0800
Source changed "/Users/twodogegg/Blog/content/tech/Hugo 新博客的搭建记录.md": WRITE
Total in 33 ms
ERROR 2020/02/10 20:52:46 Rebuild failed:

ERROR 2020/02/10 20:52:46 "/Users/twodogegg/Blog/content/tech/Hugo 新博客的搭建记录.md:2:1": unmarshal failed: Near line 1 (last key parsed ''): bare keys cannot contain '\n'

Change detected, rebuilding site.
2020-02-10 20:53:36.719 +0800
Source changed "/Users/twodogegg/Blog/content/tech/Hugo 新博客的搭建记录.md": WRITE
Total in 23 ms
ERROR 2020/02/10 20:53:36 Rebuild failed:

ERROR 2020/02/10 20:53:36 "/Users/twodogegg/Blog/content/tech/Hugo 新博客的搭建记录.md:2:1": unmarshal failed: Near line 1 (last key parsed ''): bare keys cannot contain '\n'

Change detected, rebuilding site.
2020-02-10 20:54:29.722 +0800
Source changed "/Users/twodogegg/Blog/content/tech/Hugo 新博客的搭建记录.md": WRITE
Total in 22 ms
ERROR 2020/02/10 20:54:29 Rebuild failed:

ERROR 2020/02/10 20:54:29 "/Users/twodogegg/Blog/content/tech/Hugo 新博客的搭建记录.md:2:1": unmarshal failed: Near line 1 (last key parsed ''): bare keys cannot contain '\n'

Change detected, rebuilding site.
2020-02-10 20:54:53.720 +0800
Source changed "/Users/twodogegg/Blog/content/tech/Hugo 新博客的搭建记录.md": WRITE
Total in 26 ms
ERROR 2020/02/10 20:54:53 Rebuild failed:

ERROR 2020/02/10 20:54:53 "/Users/twodogegg/Blog/content/tech/Hugo 新博客的搭建记录.md:2:1": unmarshal failed: Near line 1 (last key parsed ''): bare keys cannot contain '\n'

Change detected, rebuilding site.
2020-02-10 20:56:58.719 +0800
Source changed "/Users/twodogegg/Blog/content/tech/Hugo 新博客的搭建记录.md": WRITE
Total in 22 ms
ERROR 2020/02/10 20:56:58 Rebuild failed:

ERROR 2020/02/10 20:56:58 "/Users/twodogegg/Blog/content/tech/Hugo 新博客的搭建记录.md:2:1": unmarshal failed: Near line 1 (last key parsed ''): bare keys cannot contain '\n'

Change detected, rebuilding site.
2020-02-10 20:56:59.721 +0800
Source changed "/Users/twodogegg/Blog/content/tech/Hugo 新博客的搭建记录.md": WRITE
Total in 54 ms
ERROR 2020/02/10 20:56:59 Rebuild failed:

ERROR 2020/02/10 20:56:59 "/Users/twodogegg/Blog/content/tech/Hugo 新博客的搭建记录.md:2:1": unmarshal failed: Near line 1 (last key parsed ''): bare keys cannot contain '\n'

Change detected, rebuilding site.
2020-02-10 20:57:00.721 +0800
Source changed "/Users/twodogegg/Blog/content/tech/Hugo 新博客的搭建记录.md": WRITE
Total in 49 ms
ERROR 2020/02/10 20:57:00 Rebuild failed:

ERROR 2020/02/10 20:57:00 "/Users/twodogegg/Blog/content/tech/Hugo 新博客的搭建记录.md:2:1": unmarshal failed: Near line 1 (last key parsed ''): bare keys cannot contain '\n'

Change detected, rebuilding site.
2020-02-10 20:58:14.723 +0800
Source changed "/Users/twodogegg/Blog/content/tech/Hugo 新博客的搭建记录.md": WRITE
Total in 36 ms
ERROR 2020/02/10 20:58:14 Rebuild failed:

ERROR 2020/02/10 20:58:14 "/Users/twodogegg/Blog/content/tech/Hugo 新博客的搭建记录.md:2:1": unmarshal failed: Near line 1 (last key parsed ''): bare keys cannot contain '\n'

Change detected, rebuilding site.
2020-02-10 20:58:44.723 +0800
Source changed "/Users/twodogegg/Blog/content/tech/Hugo 新博客的搭建记录.md": WRITE
Total in 19 ms
ERROR 2020/02/10 20:58:44 Rebuild failed:

ERROR 2020/02/10 20:58:44 "/Users/twodogegg/Blog/content/tech/Hugo 新博客的搭建记录.md:2:1": unmarshal failed: Near line 1 (last key parsed ''): bare keys cannot contain '\n'

Change detected, rebuilding site.
2020-02-10 21:00:15.724 +0800
Source changed "/Users/twodogegg/Blog/content/tech/Hugo 新博客的搭建记录.md": WRITE
Total in 27 ms
ERROR 2020/02/10 21:00:15 Rebuild failed:

ERROR 2020/02/10 21:00:15 "/Users/twodogegg/Blog/content/tech/Hugo 新博客的搭建记录.md:2:1": unmarshal failed: Near line 1 (last key parsed ''): bare keys cannot contain '\n'

Change detected, rebuilding site.
2020-02-10 21:00:53.724 +0800
Source changed "/Users/twodogegg/Blog/content/tech/Hugo 新博客的搭建记录.md": WRITE
Total in 22 ms
ERROR 2020/02/10 21:00:53 Rebuild failed:

ERROR 2020/02/10 21:00:53 "/Users/twodogegg/Blog/content/tech/Hugo 新博客的搭建记录.md:2:1": unmarshal failed: Near line 1 (last key parsed ''): bare keys cannot contain '\n'

Change detected, rebuilding site.
2020-02-10 21:01:18.722 +0800
Source changed "/Users/twodogegg/Blog/content/tech/Hugo 新博客的搭建记录.md": WRITE
Total in 27 ms
ERROR 2020/02/10 21:01:18 Rebuild failed:

ERROR 2020/02/10 21:01:18 "/Users/twodogegg/Blog/content/tech/Hugo 新博客的搭建记录.md:2:1": unmarshal failed: Near line 1 (last key parsed ''): bare keys cannot contain '\n'

Change detected, rebuilding site.
2020-02-10 21:01:20.721 +0800
Source changed "/Users/twodogegg/Blog/content/tech/Hugo 新博客的搭建记录.md": WRITE
Total in 26 ms
ERROR 2020/02/10 21:01:20 Rebuild failed:

ERROR 2020/02/10 21:01:20 "/Users/twodogegg/Blog/content/tech/Hugo 新博客的搭建记录.md:2:1": unmarshal failed: Near line 1 (last key parsed ''): bare keys cannot contain '\n'

Change detected, rebuilding site.
2020-02-10 21:01:27.720 +0800
Source changed "/Users/twodogegg/Blog/content/tech/Hugo 新博客的搭建记录.md": WRITE
Total in 25 ms
ERROR 2020/02/10 21:01:27 Rebuild failed:

ERROR 2020/02/10 21:01:27 "/Users/twodogegg/Blog/content/tech/Hugo 新博客的搭建记录.md:2:1": unmarshal failed: Near line 1 (last key parsed ''): bare keys cannot contain '\n'

Change detected, rebuilding site.
2020-02-10 21:01:44.719 +0800
Source changed "/Users/twodogegg/Blog/content/tech/Hugo 新博客的搭建记录.md": WRITE
Total in 26 ms
ERROR 2020/02/10 21:01:44 Rebuild failed:

ERROR 2020/02/10 21:01:44 "/Users/twodogegg/Blog/content/tech/Hugo 新博客的搭建记录.md:2:1": unmarshal failed: Near line 1 (last key parsed ''): bare keys cannot contain '\n'

Change detected, rebuilding site.
2020-02-10 21:01:58.719 +0800
Source changed "/Users/twodogegg/Blog/content/tech/Hugo 新博客的搭建记录.md": WRITE
Total in 24 ms
ERROR 2020/02/10 21:01:58 Rebuild failed:

ERROR 2020/02/10 21:01:58 "/Users/twodogegg/Blog/content/tech/Hugo 新博客的搭建记录.md:2:1": unmarshal failed: Near line 1 (last key parsed ''): bare keys cannot contain '\n'

Change detected, rebuilding site.
2020-02-10 21:02:11.719 +0800
Source changed "/Users/twodogegg/Blog/content/tech/Hugo 新博客的搭建记录.md": WRITE
Total in 26 ms
ERROR 2020/02/10 21:02:11 Rebuild failed:

ERROR 2020/02/10 21:02:11 "/Users/twodogegg/Blog/content/tech/Hugo 新博客的搭建记录.md:2:1": unmarshal failed: Near line 1 (last key parsed ''): bare keys cannot contain '\n'

Change detected, rebuilding site.
2020-02-10 21:02:47.722 +0800
Source changed "/Users/twodogegg/Blog/content/tech/Hugo 新博客的搭建记录.md": WRITE
Total in 38 ms
ERROR 2020/02/10 21:02:47 Rebuild failed:

ERROR 2020/02/10 21:02:47 "/Users/twodogegg/Blog/content/tech/Hugo 新博客的搭建记录.md:2:1": unmarshal failed: Near line 1 (last key parsed ''): bare keys cannot contain '\n'

Change detected, rebuilding site.
2020-02-10 21:02:57.722 +0800
Source changed "/Users/twodogegg/Blog/content/tech/Hugo 新博客的搭建记录.md": WRITE
Total in 25 ms
ERROR 2020/02/10 21:02:57 Rebuild failed:

ERROR 2020/02/10 21:02:57 "/Users/twodogegg/Blog/content/tech/Hugo 新博客的搭建记录.md:2:1": unmarshal failed: Near line 1 (last key parsed ''): bare keys cannot contain '\n'

Change detected, rebuilding site.
2020-02-10 21:03:07.724 +0800
Source changed "/Users/twodogegg/Blog/content/tech/Hugo 新博客的搭建记录.md": WRITE
Total in 28 ms
ERROR 2020/02/10 21:03:07 Rebuild failed:

ERROR 2020/02/10 21:03:07 "/Users/twodogegg/Blog/content/tech/Hugo 新博客的搭建记录.md:2:1": unmarshal failed: Near line 1 (last key parsed ''): bare keys cannot contain '\n'

Change detected, rebuilding site.
2020-02-10 21:03:20.722 +0800
Source changed "/Users/twodogegg/Blog/content/tech/Hugo 新博客的搭建记录.md": WRITE
Total in 24 ms
ERROR 2020/02/10 21:03:20 Rebuild failed:

ERROR 2020/02/10 21:03:20 "/Users/twodogegg/Blog/content/tech/Hugo 新博客的搭建记录.md:2:1": unmarshal failed: Near line 1 (last key parsed ''): bare keys cannot contain '\n'

Change detected, rebuilding site.
2020-02-10 21:03:35.719 +0800
Source changed "/Users/twodogegg/Blog/content/tech/Hugo 新博客的搭建记录.md": WRITE
Total in 28 ms
ERROR 2020/02/10 21:03:35 Rebuild failed:

ERROR 2020/02/10 21:03:35 "/Users/twodogegg/Blog/content/tech/Hugo 新博客的搭建记录.md:2:1": unmarshal failed: Near line 1 (last key parsed ''): bare keys cannot contain '\n'

Change detected, rebuilding site.
2020-02-10 21:03:47.722 +0800
Source changed "/Users/twodogegg/Blog/content/tech/Hugo 新博客的搭建记录.md": WRITE
Total in 24 ms
ERROR 2020/02/10 21:03:47 Rebuild failed:

ERROR 2020/02/10 21:03:47 "/Users/twodogegg/Blog/content/tech/Hugo 新博客的搭建记录.md:2:1": unmarshal failed: Near line 1 (last key parsed ''): bare keys cannot contain '\n'

Change detected, rebuilding site.
2020-02-10 21:04:04.723 +0800
Source changed "/Users/twodogegg/Blog/content/tech/Hugo 新博客的搭建记录.md": WRITE
Total in 28 ms
ERROR 2020/02/10 21:04:04 Rebuild failed:

ERROR 2020/02/10 21:04:04 "/Users/twodogegg/Blog/content/tech/Hugo 新博客的搭建记录.md:2:1": unmarshal failed: Near line 1 (last key parsed ''): bare keys cannot contain '\n'

Change detected, rebuilding site.
2020-02-10 21:04:08.719 +0800
Source changed "/Users/twodogegg/Blog/content/tech/Hugo 新博客的搭建记录.md": WRITE
Total in 29 ms
ERROR 2020/02/10 21:04:08 Rebuild failed:

ERROR 2020/02/10 21:04:08 "/Users/twodogegg/Blog/content/tech/Hugo 新博客的搭建记录.md:2:1": unmarshal failed: Near line 1 (last key parsed ''): bare keys cannot contain '\n'

Change detected, rebuilding site.
2020-02-10 21:04:12.722 +0800
Source changed "/Users/twodogegg/Blog/content/tech/Hugo 新博客的搭建记录.md": WRITE
Total in 25 ms
ERROR 2020/02/10 21:04:12 Rebuild failed:

ERROR 2020/02/10 21:04:12 "/Users/twodogegg/Blog/content/tech/Hugo 新博客的搭建记录.md:2:1": unmarshal failed: Near line 1 (last key parsed ''): bare keys cannot contain '\n'

Change detected, rebuilding site.
2020-02-10 21:04:14.723 +0800
Source changed "/Users/twodogegg/Blog/content/tech/Hugo 新博客的搭建记录.md": WRITE
Total in 29 ms
ERROR 2020/02/10 21:04:14 Rebuild failed:

ERROR 2020/02/10 21:04:14 "/Users/twodogegg/Blog/content/tech/Hugo 新博客的搭建记录.md:2:1": unmarshal failed: Near line 1 (last key parsed ''): bare keys cannot contain '\n'

Change detected, rebuilding site.
2020-02-10 21:04:29.723 +0800
Source changed "/Users/twodogegg/Blog/content/tech/Hugo 新博客的搭建记录.md": WRITE
Total in 24 ms
ERROR 2020/02/10 21:04:29 Rebuild failed:

ERROR 2020/02/10 21:04:29 "/Users/twodogegg/Blog/content/tech/Hugo 新博客的搭建记录.md:2:1": unmarshal failed: Near line 1 (last key parsed ''): bare keys cannot contain '\n'

Change detected, rebuilding site.
2020-02-10 21:07:33.724 +0800
Source changed "/Users/twodogegg/Blog/content/tech/Hugo 新博客的搭建记录.md": WRITE
Total in 36 ms
ERROR 2020/02/10 21:07:33 Rebuild failed:

ERROR 2020/02/10 21:07:33 "/Users/twodogegg/Blog/content/tech/Hugo 新博客的搭建记录.md:2:1": unmarshal failed: Near line 1 (last key parsed ''): bare keys cannot contain '\n'

Change detected, rebuilding site.
2020-02-10 21:07:46.724 +0800
Source changed "/Users/twodogegg/Blog/content/tech/Hugo 新博客的搭建记录.md": WRITE
Total in 26 ms
ERROR 2020/02/10 21:07:46 Rebuild failed:

ERROR 2020/02/10 21:07:46 "/Users/twodogegg/Blog/content/tech/Hugo 新博客的搭建记录.md:2:1": unmarshal failed: Near line 1 (last key parsed ''): bare keys cannot contain '\n'

Change detected, rebuilding site.
2020-02-10 21:07:55.722 +0800
Source changed "/Users/twodogegg/Blog/content/tech/Hugo 新博客的搭建记录.md": WRITE
Total in 26 ms
ERROR 2020/02/10 21:07:55 Rebuild failed:

ERROR 2020/02/10 21:07:55 "/Users/twodogegg/Blog/content/tech/Hugo 新博客的搭建记录.md:2:1": unmarshal failed: Near line 1 (last key parsed ''): bare keys cannot contain '\n'

Change detected, rebuilding site.
2020-02-10 21:08:17.719 +0800
Source changed "/Users/twodogegg/Blog/content/tech/Hugo 新博客的搭建记录.md": WRITE
Total in 24 ms
ERROR 2020/02/10 21:08:17 Rebuild failed:

ERROR 2020/02/10 21:08:17 "/Users/twodogegg/Blog/content/tech/Hugo 新博客的搭建记录.md:2:1": unmarshal failed: Near line 1 (last key parsed ''): bare keys cannot contain '\n'

Change detected, rebuilding site.
2020-02-10 21:09:13.723 +0800
Source changed "/Users/twodogegg/Blog/content/tech/Hugo 新博客的搭建记录.md": WRITE
Total in 19 ms
ERROR 2020/02/10 21:09:13 Rebuild failed:

ERROR 2020/02/10 21:09:13 "/Users/twodogegg/Blog/content/tech/Hugo 新博客的搭建记录.md:2:1": unmarshal failed: Near line 1 (last key parsed ''): bare keys cannot contain '\n'

Change detected, rebuilding site.
2020-02-10 21:09:16.723 +0800
Source changed "/Users/twodogegg/Blog/content/tech/Hugo 新博客的搭建记录.md": WRITE
Total in 23 ms
ERROR 2020/02/10 21:09:16 Rebuild failed:

ERROR 2020/02/10 21:09:16 "/Users/twodogegg/Blog/content/tech/Hugo 新博客的搭建记录.md:2:1": unmarshal failed: Near line 1 (last key parsed ''): bare keys cannot contain '\n'

Change detected, rebuilding site.
2020-02-10 21:09:17.722 +0800
Source changed "/Users/twodogegg/Blog/content/tech/Hugo 新博客的搭建记录.md": WRITE
Total in 26 ms
ERROR 2020/02/10 21:09:17 Rebuild failed:

ERROR 2020/02/10 21:09:17 "/Users/twodogegg/Blog/content/tech/Hugo 新博客的搭建记录.md:2:1": unmarshal failed: Near line 1 (last key parsed ''): bare keys cannot contain '\n'

Change detected, rebuilding site.
2020-02-10 21:09:31.723 +0800
Source changed "/Users/twodogegg/Blog/content/tech/Hugo 新博客的搭建记录.md": WRITE
Total in 48 ms

Change detected, rebuilding site.
2020-02-10 21:10:07.719 +0800
Source changed "/Users/twodogegg/Blog/content/tech/Hugo 新博客的搭建记录.md": WRITE
Total in 54 ms

Change detected, rebuilding site.
2020-02-10 21:10:13.723 +0800
Source changed "/Users/twodogegg/Blog/content/tech/Hugo 新博客的搭建记录.md": WRITE
Total in 39 ms

Change detected, rebuilding site.
2020-02-10 21:10:14.719 +0800
Source changed "/Users/twodogegg/Blog/content/tech/Hugo 新博客的搭建记录.md": WRITE
Total in 62 ms

Change detected, rebuilding site.
2020-02-10 21:10:26.723 +0800
Source changed "/Users/twodogegg/Blog/content/tech/Hugo 新博客的搭建记录.md": WRITE
Total in 45 ms

Change detected, rebuilding site.
2020-02-10 21:10:35.724 +0800
Source changed "/Users/twodogegg/Blog/content/tech/Hugo 新博客的搭建记录.md": WRITE
Total in 49 ms

Change detected, rebuilding site.
2020-02-10 21:10:50.723 +0800
Source changed "/Users/twodogegg/Blog/content/tech/Hugo 新博客的搭建记录.md": WRITE
Total in 48 ms

Change detected, rebuilding site.
2020-02-10 21:11:04.722 +0800
Source changed "/Users/twodogegg/Blog/content/tech/Hugo 新博客的搭建记录.md": WRITE
Total in 45 ms

Change detected, rebuilding site.
2020-02-10 21:11:34.721 +0800
Source changed "/Users/twodogegg/Blog/content/tech/Hugo 新博客的搭建记录.md": WRITE
Total in 39 ms

Change detected, rebuilding site.
2020-02-10 21:11:44.723 +0800
Source changed "/Users/twodogegg/Blog/content/tech/Hugo 新博客的搭建记录.md": WRITE
Total in 42 ms

Change detected, rebuilding site.
2020-02-10 21:11:45.722 +0800
Source changed "/Users/twodogegg/Blog/content/tech/Hugo 新博客的搭建记录.md": WRITE
Total in 47 ms

Change detected, rebuilding site.
2020-02-10 21:11:48.723 +0800
Source changed "/Users/twodogegg/Blog/content/tech/Hugo 新博客的搭建记录.md": WRITE
Total in 54 ms

Change detected, rebuilding site.
2020-02-10 21:11:59.724 +0800
Source changed "/Users/twodogegg/Blog/content/tech/Hugo 新博客的搭建记录.md": WRITE
Total in 44 ms

Change detected, rebuilding site.
2020-02-10 21:12:03.720 +0800
Source changed "/Users/twodogegg/Blog/content/tech/Hugo 新博客的搭建记录.md": WRITE
Total in 54 ms

Change detected, rebuilding site.
2020-02-10 21:12:06.719 +0800
Source changed "/Users/twodogegg/Blog/content/tech/Hugo 新博客的搭建记录.md": WRITE
Total in 43 ms

Change detected, rebuilding site.
2020-02-10 21:12:11.719 +0800
Source changed "/Users/twodogegg/Blog/content/tech/Hugo 新博客的搭建记录.md": WRITE
Total in 75 ms

Change detected, rebuilding site.
2020-02-10 21:12:20.724 +0800
Source changed "/Users/twodogegg/Blog/content/tech/Hugo 新博客的搭建记录.md": WRITE
Total in 45 ms

Change detected, rebuilding site.
2020-02-10 21:12:21.723 +0800
Source changed "/Users/twodogegg/Blog/content/tech/Hugo 新博客的搭建记录.md": WRITE
Total in 59 ms

Change detected, rebuilding site.
2020-02-10 21:12:22.723 +0800
Source changed "/Users/twodogegg/Blog/content/tech/Hugo 新博客的搭建记录.md": WRITE
Total in 69 ms

Change detected, rebuilding site.
2020-02-10 21:12:23.724 +0800
Source changed "/Users/twodogegg/Blog/content/tech/Hugo 新博客的搭建记录.md": WRITE
Total in 46 ms

Change detected, rebuilding site.
2020-02-10 21:12:36.721 +0800
Source changed "/Users/twodogegg/Blog/content/tech/Hugo 新博客的搭建记录.md": WRITE
Total in 52 ms

Change detected, rebuilding site.
2020-02-10 21:12:38.721 +0800
Source changed "/Users/twodogegg/Blog/content/tech/Hugo 新博客的搭建记录.md": WRITE
Total in 39 ms

Change detected, rebuilding site.
2020-02-10 21:12:46.720 +0800
Source changed "/Users/twodogegg/Blog/content/tech/Hugo 新博客的搭建记录.md": WRITE
Total in 61 ms

Change detected, rebuilding site.
2020-02-10 21:13:58.719 +0800
Source changed "/Users/twodogegg/Blog/content/tech/Hugo 新博客的搭建记录.md": WRITE
Total in 39 ms

Change detected, rebuilding site.
2020-02-10 21:14:03.719 +0800
Source changed "/Users/twodogegg/Blog/content/tech/Hugo 新博客的搭建记录.md": WRITE
Total in 43 ms

Change detected, rebuilding site.
2020-02-10 21:14:14.719 +0800
Source changed "/Users/twodogegg/Blog/content/tech/Hugo 新博客的搭建记录.md": WRITE
Total in 38 ms
